<?xml version="1.0" encoding="UTF-8"?>
<!-- Generated by org.testng.reporters.JUnitReportReporter -->
<testsuite skipped="0" hostname="DESKTOP-7473KU7" name="com.nopCommerce.testcases.TC_LoginTest_001" tests="1" failures="0" timestamp="22 Apr 2019 21:30:24 GMT" time="44.910" errors="0">
  <testcase name="loginTest" time="44.910" classname="com.nopCommerce.testcases.TC_LoginTest_001"/>
</testsuite> <!-- com.nopCommerce.testcases.TC_LoginTest_001 -->
