<?xml version="1.0" encoding="UTF-8"?>
<!-- Generated by org.testng.reporters.JUnitReportReporter -->
<testsuite hostname="DESKTOP-7473KU7" failures="0" tests="1" name="com.nopCommerce.testcases.TC_AddCustomerTest_003" time="25.172" errors="0" timestamp="25 Apr 2019 04:26:30 GMT" skipped="0">
  <testcase classname="com.nopCommerce.testcases.TC_AddCustomerTest_003" name="addNewCustomer" time="25.172"/>
</testsuite> <!-- com.nopCommerce.testcases.TC_AddCustomerTest_003 -->
